<?xml version="1.0" encoding="UTF-8"?>
<!-- Generated by org.testng.reporters.JUnitReportReporter -->
<testsuite hostname="LAPTOP-PJMOG2EM" failures="0" tests="1" name="com.vva.inetbanking.testcases.DemoTest" time="0.163" errors="0" timestamp="2022-03-27T17:25:52 IST" skipped="0">
  <testcase classname="com.vva.inetbanking.testcases.DemoTest" name="test" time="0.163"/>
  <system-out/>
</testsuite> <!-- com.vva.inetbanking.testcases.DemoTest -->
