<?xml version="1.0" encoding="UTF-8"?>
<!-- Generated by org.testng.reporters.JUnitReportReporter -->
<testsuite hostname="LAPTOP-PJMOG2EM" failures="0" tests="4" name="com.vva.inetbanking.testcases.LoginTC002" time="65.503" errors="0" timestamp="2022-04-16T21:25:28 IST" skipped="0">
  <testcase classname="com.vva.inetbanking.testcases.LoginTC002" name="VerifyLoginFunctionalityDDTest" time="17.452"/>
  <system-out/>
  <testcase classname="com.vva.inetbanking.testcases.LoginTC002" name="VerifyLoginFunctionalityDDTest" time="15.079"/>
  <system-out/>
  <testcase classname="com.vva.inetbanking.testcases.LoginTC002" name="VerifyLoginFunctionalityDDTest" time="16.770"/>
  <system-out/>
  <testcase classname="com.vva.inetbanking.testcases.LoginTC002" name="VerifyLoginFunctionalityDDTest" time="16.202"/>
  <system-out/>
</testsuite> <!-- com.vva.inetbanking.testcases.LoginTC002 -->
