<?xml version="1.0" encoding="UTF-8"?>
<!-- Generated by org.testng.reporters.JUnitReportReporter -->
<testsuite hostname="LAPTOP-PJMOG2EM" failures="0" tests="3" name="com.vva.inetbanking.testcases.HomeTC001" time="3.476" errors="0" timestamp="2022-04-03T16:14:19 IST" skipped="1">
  <testcase classname="com.vva.inetbanking.testcases.HomeTC001" name="verifyLoginFunctionalityTC001" time="2.502"/>
  <system-out/>
  <testcase classname="com.vva.inetbanking.testcases.HomeTC001" name="VerifyLogoutFunctionality" time="0.974"/>
  <system-out/>
  <testcase classname="com.vva.inetbanking.testcases.HomeTC001" name="navigateToEditCustomerPage">
    <skipped/>
  </testcase> <!-- navigateToEditCustomerPage -->
  <system-out/>
</testsuite> <!-- com.vva.inetbanking.testcases.HomeTC001 -->
